#
# An unexpected error has been detected by Java Runtime Environment:
#
#  Internal Error (434C41535326494C453041525345520E4350500AB6), pid=1212, tid=4036
#
# Java VM: Java HotSpot(TM) Client VM (1.6.0-b105 mixed mode)
# If you would like to submit a bug report, please visit:
#   http://java.sun.com/webapps/bugreport/crash.jsp
#

---------------  T H R E A D  ---------------

Current thread (0x01a67800):  JavaThread "Unknown thread" [_thread_in_vm, id=4036]

Stack: [0x00250000,0x002a0000)
[error occurred during error reporting, step 110, id 0xc00000fd]

Native frames: (J=compiled Java code, j=interpreted, Vv=VM code, C=native code)
C  [javaw.exe+0xc07c]
C  [javaw.exe+0x7d35]
C  [kernel32.dll+0x51174]
C  [ntdll.dll+0x5b3f5]
C  [ntdll.dll+0x5b3c8]


---------------  P R O C E S S  ---------------

Java Threads: ( => current thread )

Other Threads:

VM state:not at safepoint (not fully initilizated)

VM Mutex/Monitor currently owned by a thread: None

Heap
 def new generation   total 960K, used 0K [0x03af0000, 0x03bf0000, 0x03fd0000)
  eden space 896K,   0% used [0x03af0000, 0x03af0000, 0x03bd0000)
  from space 64K,   0% used [0x03bd0000, 0x03bd0000, 0x03be0000)
  to   space 64K,   0% used [0x03be0000, 0x03be0000, 0x03bf0000)
 tenured generation   total 4096K, used 0K [0x03fd0000, 0x043d0000, 0x07af0000)
   the space 4096K,   0% used [0x03fd0000, 0x03fd0000, 0x03fd0200, 0x043d0000)
 compacting perm gen  total 12288K, used 100K [0x07af0000, 0x086f0000, 0x0baf0000)
   the space 12288K,   0% used [0x07af0000, 0x07b09388, 0x07b09400, 0x086f0000)
No shared spaces configured.

Dynamic libraries:
0x00400000 - 0x00423000 	D:\Program Files\Java\jdk1.6.0\bin\javaw.exe
0x77ad0000 - 0x77c0c000 	C:\Windows\SYSTEM32\ntdll.dll
0x762f0000 - 0x763c4000 	C:\Windows\system32\kernel32.dll
0x75d50000 - 0x75d9a000 	C:\Windows\system32\KERNELBASE.dll
0x75f20000 - 0x75fc0000 	C:\Windows\system32\ADVAPI32.dll
0x763d0000 - 0x7647c000 	C:\Windows\system32\msvcrt.dll
0x76520000 - 0x76539000 	C:\Windows\SYSTEM32\sechost.dll
0x75fc0000 - 0x76061000 	C:\Windows\system32\RPCRT4.dll
0x76880000 - 0x76949000 	C:\Windows\system32\USER32.dll
0x76210000 - 0x7625e000 	C:\Windows\system32\GDI32.dll
0x76950000 - 0x7695a000 	C:\Windows\system32\LPK.dll
0x76c30000 - 0x76ccd000 	C:\Windows\system32\USP10.dll
0x77c50000 - 0x77c6f000 	C:\Windows\system32\IMM32.DLL
0x76960000 - 0x76a2c000 	C:\Windows\system32\MSCTF.dll
0x7c340000 - 0x7c396000 	D:\Program Files\Java\jdk1.6.0\jre\bin\msvcr71.dll
0x6d7c0000 - 0x6da07000 	D:\Program Files\Java\jdk1.6.0\jre\bin\client\jvm.dll
0x72670000 - 0x726a2000 	C:\Windows\system32\WINMM.dll
0x75b20000 - 0x75b6b000 	C:\Windows\system32\apphelp.dll
0x6d310000 - 0x6d318000 	D:\Program Files\Java\jdk1.6.0\jre\bin\hpi.dll
0x76870000 - 0x76875000 	C:\Windows\system32\PSAPI.DLL
0x6d770000 - 0x6d77c000 	D:\Program Files\Java\jdk1.6.0\jre\bin\verify.dll
0x6d3b0000 - 0x6d3cf000 	D:\Program Files\Java\jdk1.6.0\jre\bin\java.dll
0x6d7b0000 - 0x6d7bf000 	D:\Program Files\Java\jdk1.6.0\jre\bin\zip.dll

VM Arguments:
jvm_args: -Dfile.encoding=UTF-8 -Xbootclasspath:D:\Android_space\work_tool\android-sdk-windows\platforms\android-17\android.jar
java_command: com.perfect.mqtt.MD5
Launcher Type: SUN_STANDARD

Environment Variables:
PATH=D:/Program Files/Java/jdk1.6.0/bin/../jre/bin/client;D:/Program Files/Java/jdk1.6.0/bin/../jre/bin;D:/Program Files/Java/jdk1.6.0/bin/../jre/lib/i386;D:\Android_space\work_tool\android-sdk-windows\platform-tools;D:\Program Files\Java\jdk1.6.0\bin;C:\Program Files\NVIDIA Corporation\PhysX\Common;C:\Windows\system32;C:\Windows;C:\Windows\System32\Wbem;C:\Windows\System32\WindowsPowerShell\v1.0\;D:\Program Files\TortoiseSVN\bin;D:\Android_space\work_tool\eclipse3;
USERNAME=we
OS=Windows_NT
PROCESSOR_IDENTIFIER=x86 Family 6 Model 42 Stepping 7, GenuineIntel



---------------  S Y S T E M  ---------------

OS: Windows NT 6.1 Build 7600 

CPU:total 4 family 6, cmov, cx8, fxsr, mmx, sse, sse2

Memory: 4k page, physical 2097151k(2097151k free), swap 4194303k(4194303k free)

vm_info: Java HotSpot(TM) Client VM (1.6.0-b105) for windows-x86, built on Nov 29 2006 00:48:48 by "java_re" with unknown MS VC++:1310

